Terminals unused in grammar

   TOK_LBRACKET
   TOK_RBRACKET
   TOK_BOOLEANVAL
   TOK_DOUBLEVAL
   TOK_FLOATVAL
   TOK_LONGVAL


Grammar

    0 $accept: program $end

    1 program: classdec
    2        | program classdec

    3 classdec: accessmod TOK_CLASS TOK_IDENTIFIER TOK_LBRACE classbody TOK_RBRACE

    4 accessmod: TOK_PUBLIC

    5 classbody: method
    6          | classbody method

    7 method: instancemethod
    8       | staticmethod

    9 instancemethod: accessmod returntype TOK_IDENTIFIER TOK_LPAREN formalparameters TOK_RPAREN TOK_LBRACE methodbody TOK_RBRACE

   10 staticmethod: accessmod TOK_STATIC returntype TOK_IDENTIFIER TOK_LPAREN formalparameters TOK_RPAREN TOK_LBRACE methodbody TOK_RBRACE

   11 methodbody: statement
   12           | expression
   13           | methodbody statement
   14           | methodbody expression

   15 returntype: TOK_VOID
   16           | datatype

   17 datatype: TOK_LONG
   18         | TOK_FLOAT
   19         | TOK_BOOLEAN
   20         | TOK_INT
   21         | TOK_STRING
   22         | TOK_DOUBLE

   23 formalparameters: datatype TOK_IDENTIFIER
   24                 | formalparameters TOK_COMMA datatype TOK_IDENTIFIER

   25 argument: expression
   26         | TOK_IDENTIFIER

   27 statement: controlflowstate
   28          | declarationstate
   29          | initializationstate
   30          | assignmentstate

   31 declarationstate: datatype TOK_IDENTIFIER TOK_SEMI

   32 assignmentstate: TOK_IDENTIFIER TOK_EQUAL expression

   33 initializationstate: datatype assignmentstate

   34 controlflowstate: switchstatement
   35                 | whileloop

   36 switchstatement: TOK_SWITCH TOK_LPAREN expression TOK_RPAREN TOK_LBRACE switchbody TOK_RBRACE

   37 switchbody: TOK_CASE expression TOK_COLON casebody
   38           | switchbody TOK_CASE expression TOK_COLON casebody

   39 casebody: statement TOK_BREAK
   40         | expression TOK_BREAK
   41         | casebody statement TOK_BREAK
   42         | casebody expression TOK_BREAK

   43 whileloop: TOK_WHILE TOK_LPAREN expression TOK_LBRACE loopbody TOK_RBRACE

   44 loopbody: statement
   45         | expression
   46         | loopbody statement
   47         | loopbody expression

   48 expression: methodcall
   49           | TOK_INTVAL
   50           | TOK_STRINGVAL
   51           | TOK_INTVAL TOK_ADD TOK_INTVAL

   52 methodcall: staticmethodcall
   53           | instancemethodcall

   54 staticmethodcall: TOK_IDENTIFIER TOK_LPAREN argument TOK_RPAREN TOK_SEMI

   55 instancemethodcall: TOK_IDENTIFIER methodcallname TOK_LPAREN argument TOK_RPAREN TOK_SEMI

   56 methodcallname: TOK_DOT TOK_IDENTIFIER
   57               | methodcall TOK_DOT TOK_IDENTIFIER


Terminals, with rules where they appear

$end (0) 0
error (256)
TOK_PUBLIC (258) 4
TOK_CLASS (259) 3
TOK_IDENTIFIER (260) 3 9 10 23 24 26 31 32 54 55 56 57
TOK_LBRACE (261) 3 9 10 36 43
TOK_RBRACE (262) 3 9 10 36 43
TOK_STATIC (263) 10
TOK_VOID (264) 15
TOK_LPAREN (265) 9 10 36 43 54 55
TOK_RPAREN (266) 9 10 36 54 55
TOK_LBRACKET (267)
TOK_RBRACKET (268)
TOK_DOT (269) 56 57
TOK_STRINGVAL (270) 50
TOK_INTVAL (271) 49 51
TOK_SEMI (272) 31 54 55
TOK_BOOLEANVAL (273)
TOK_ADD (274) 51
TOK_BREAK (275) 39 40 41 42
TOK_CASE (276) 37 38
TOK_COLON (277) 37 38
TOK_COMMA (278) 24
TOK_DOUBLEVAL (279)
TOK_EQUAL (280) 32
TOK_FLOATVAL (281)
TOK_LONGVAL (282)
TOK_SWITCH (283) 36
TOK_WHILE (284) 43
TOK_INT (285) 20
TOK_STRING (286) 21
TOK_LONG (287) 17
TOK_DOUBLE (288) 22
TOK_BOOLEAN (289) 19
TOK_FLOAT (290) 18


Nonterminals, with rules where they appear

$accept (36)
    on left: 0
program (37)
    on left: 1 2, on right: 0 2
classdec (38)
    on left: 3, on right: 1 2
accessmod (39)
    on left: 4, on right: 3 9 10
classbody (40)
    on left: 5 6, on right: 3 6
method (41)
    on left: 7 8, on right: 5 6
instancemethod (42)
    on left: 9, on right: 7
staticmethod (43)
    on left: 10, on right: 8
methodbody (44)
    on left: 11 12 13 14, on right: 9 10 13 14
returntype (45)
    on left: 15 16, on right: 9 10
datatype (46)
    on left: 17 18 19 20 21 22, on right: 16 23 24 31 33
formalparameters (47)
    on left: 23 24, on right: 9 10 24
argument (48)
    on left: 25 26, on right: 54 55
statement (49)
    on left: 27 28 29 30, on right: 11 13 39 41 44 46
declarationstate (50)
    on left: 31, on right: 28
assignmentstate (51)
    on left: 32, on right: 30 33
initializationstate (52)
    on left: 33, on right: 29
controlflowstate (53)
    on left: 34 35, on right: 27
switchstatement (54)
    on left: 36, on right: 34
switchbody (55)
    on left: 37 38, on right: 36 38
casebody (56)
    on left: 39 40 41 42, on right: 37 38 41 42
whileloop (57)
    on left: 43, on right: 35
loopbody (58)
    on left: 44 45 46 47, on right: 43 46 47
expression (59)
    on left: 48 49 50 51, on right: 12 14 25 32 36 37 38 40 42 43 45
    47
methodcall (60)
    on left: 52 53, on right: 48 57
staticmethodcall (61)
    on left: 54, on right: 52
instancemethodcall (62)
    on left: 55, on right: 53
methodcallname (63)
    on left: 56 57, on right: 55


State 0

    0 $accept: . program $end

    TOK_PUBLIC  shift, and go to state 1

    program    go to state 2
    classdec   go to state 3
    accessmod  go to state 4


State 1

    4 accessmod: TOK_PUBLIC .

    $default  reduce using rule 4 (accessmod)


State 2

    0 $accept: program . $end
    2 program: program . classdec

    $end        shift, and go to state 5
    TOK_PUBLIC  shift, and go to state 1

    classdec   go to state 6
    accessmod  go to state 4


State 3

    1 program: classdec .

    $default  reduce using rule 1 (program)


State 4

    3 classdec: accessmod . TOK_CLASS TOK_IDENTIFIER TOK_LBRACE classbody TOK_RBRACE

    TOK_CLASS  shift, and go to state 7


State 5

    0 $accept: program $end .

    $default  accept


State 6

    2 program: program classdec .

    $default  reduce using rule 2 (program)


State 7

    3 classdec: accessmod TOK_CLASS . TOK_IDENTIFIER TOK_LBRACE classbody TOK_RBRACE

    TOK_IDENTIFIER  shift, and go to state 8


State 8

    3 classdec: accessmod TOK_CLASS TOK_IDENTIFIER . TOK_LBRACE classbody TOK_RBRACE

    TOK_LBRACE  shift, and go to state 9


State 9

    3 classdec: accessmod TOK_CLASS TOK_IDENTIFIER TOK_LBRACE . classbody TOK_RBRACE

    TOK_PUBLIC  shift, and go to state 1

    accessmod       go to state 10
    classbody       go to state 11
    method          go to state 12
    instancemethod  go to state 13
    staticmethod    go to state 14


State 10

    9 instancemethod: accessmod . returntype TOK_IDENTIFIER TOK_LPAREN formalparameters TOK_RPAREN TOK_LBRACE methodbody TOK_RBRACE
   10 staticmethod: accessmod . TOK_STATIC returntype TOK_IDENTIFIER TOK_LPAREN formalparameters TOK_RPAREN TOK_LBRACE methodbody TOK_RBRACE

    TOK_STATIC   shift, and go to state 15
    TOK_VOID     shift, and go to state 16
    TOK_INT      shift, and go to state 17
    TOK_STRING   shift, and go to state 18
    TOK_LONG     shift, and go to state 19
    TOK_DOUBLE   shift, and go to state 20
    TOK_BOOLEAN  shift, and go to state 21
    TOK_FLOAT    shift, and go to state 22

    returntype  go to state 23
    datatype    go to state 24


State 11

    3 classdec: accessmod TOK_CLASS TOK_IDENTIFIER TOK_LBRACE classbody . TOK_RBRACE
    6 classbody: classbody . method

    TOK_PUBLIC  shift, and go to state 1
    TOK_RBRACE  shift, and go to state 25

    accessmod       go to state 10
    method          go to state 26
    instancemethod  go to state 13
    staticmethod    go to state 14


State 12

    5 classbody: method .

    $default  reduce using rule 5 (classbody)


State 13

    7 method: instancemethod .

    $default  reduce using rule 7 (method)


State 14

    8 method: staticmethod .

    $default  reduce using rule 8 (method)


State 15

   10 staticmethod: accessmod TOK_STATIC . returntype TOK_IDENTIFIER TOK_LPAREN formalparameters TOK_RPAREN TOK_LBRACE methodbody TOK_RBRACE

    TOK_VOID     shift, and go to state 16
    TOK_INT      shift, and go to state 17
    TOK_STRING   shift, and go to state 18
    TOK_LONG     shift, and go to state 19
    TOK_DOUBLE   shift, and go to state 20
    TOK_BOOLEAN  shift, and go to state 21
    TOK_FLOAT    shift, and go to state 22

    returntype  go to state 27
    datatype    go to state 24


State 16

   15 returntype: TOK_VOID .

    $default  reduce using rule 15 (returntype)


State 17

   20 datatype: TOK_INT .

    $default  reduce using rule 20 (datatype)


State 18

   21 datatype: TOK_STRING .

    $default  reduce using rule 21 (datatype)


State 19

   17 datatype: TOK_LONG .

    $default  reduce using rule 17 (datatype)


State 20

   22 datatype: TOK_DOUBLE .

    $default  reduce using rule 22 (datatype)


State 21

   19 datatype: TOK_BOOLEAN .

    $default  reduce using rule 19 (datatype)


State 22

   18 datatype: TOK_FLOAT .

    $default  reduce using rule 18 (datatype)


State 23

    9 instancemethod: accessmod returntype . TOK_IDENTIFIER TOK_LPAREN formalparameters TOK_RPAREN TOK_LBRACE methodbody TOK_RBRACE

    TOK_IDENTIFIER  shift, and go to state 28


State 24

   16 returntype: datatype .

    $default  reduce using rule 16 (returntype)


State 25

    3 classdec: accessmod TOK_CLASS TOK_IDENTIFIER TOK_LBRACE classbody TOK_RBRACE .

    $default  reduce using rule 3 (classdec)


State 26

    6 classbody: classbody method .

    $default  reduce using rule 6 (classbody)


State 27

   10 staticmethod: accessmod TOK_STATIC returntype . TOK_IDENTIFIER TOK_LPAREN formalparameters TOK_RPAREN TOK_LBRACE methodbody TOK_RBRACE

    TOK_IDENTIFIER  shift, and go to state 29


State 28

    9 instancemethod: accessmod returntype TOK_IDENTIFIER . TOK_LPAREN formalparameters TOK_RPAREN TOK_LBRACE methodbody TOK_RBRACE

    TOK_LPAREN  shift, and go to state 30


State 29

   10 staticmethod: accessmod TOK_STATIC returntype TOK_IDENTIFIER . TOK_LPAREN formalparameters TOK_RPAREN TOK_LBRACE methodbody TOK_RBRACE

    TOK_LPAREN  shift, and go to state 31


State 30

    9 instancemethod: accessmod returntype TOK_IDENTIFIER TOK_LPAREN . formalparameters TOK_RPAREN TOK_LBRACE methodbody TOK_RBRACE

    TOK_INT      shift, and go to state 17
    TOK_STRING   shift, and go to state 18
    TOK_LONG     shift, and go to state 19
    TOK_DOUBLE   shift, and go to state 20
    TOK_BOOLEAN  shift, and go to state 21
    TOK_FLOAT    shift, and go to state 22

    datatype          go to state 32
    formalparameters  go to state 33


State 31

   10 staticmethod: accessmod TOK_STATIC returntype TOK_IDENTIFIER TOK_LPAREN . formalparameters TOK_RPAREN TOK_LBRACE methodbody TOK_RBRACE

    TOK_INT      shift, and go to state 17
    TOK_STRING   shift, and go to state 18
    TOK_LONG     shift, and go to state 19
    TOK_DOUBLE   shift, and go to state 20
    TOK_BOOLEAN  shift, and go to state 21
    TOK_FLOAT    shift, and go to state 22

    datatype          go to state 32
    formalparameters  go to state 34


State 32

   23 formalparameters: datatype . TOK_IDENTIFIER

    TOK_IDENTIFIER  shift, and go to state 35


State 33

    9 instancemethod: accessmod returntype TOK_IDENTIFIER TOK_LPAREN formalparameters . TOK_RPAREN TOK_LBRACE methodbody TOK_RBRACE
   24 formalparameters: formalparameters . TOK_COMMA datatype TOK_IDENTIFIER

    TOK_RPAREN  shift, and go to state 36
    TOK_COMMA   shift, and go to state 37


State 34

   10 staticmethod: accessmod TOK_STATIC returntype TOK_IDENTIFIER TOK_LPAREN formalparameters . TOK_RPAREN TOK_LBRACE methodbody TOK_RBRACE
   24 formalparameters: formalparameters . TOK_COMMA datatype TOK_IDENTIFIER

    TOK_RPAREN  shift, and go to state 38
    TOK_COMMA   shift, and go to state 37


State 35

   23 formalparameters: datatype TOK_IDENTIFIER .

    $default  reduce using rule 23 (formalparameters)


State 36

    9 instancemethod: accessmod returntype TOK_IDENTIFIER TOK_LPAREN formalparameters TOK_RPAREN . TOK_LBRACE methodbody TOK_RBRACE

    TOK_LBRACE  shift, and go to state 39


State 37

   24 formalparameters: formalparameters TOK_COMMA . datatype TOK_IDENTIFIER

    TOK_INT      shift, and go to state 17
    TOK_STRING   shift, and go to state 18
    TOK_LONG     shift, and go to state 19
    TOK_DOUBLE   shift, and go to state 20
    TOK_BOOLEAN  shift, and go to state 21
    TOK_FLOAT    shift, and go to state 22

    datatype  go to state 40


State 38

   10 staticmethod: accessmod TOK_STATIC returntype TOK_IDENTIFIER TOK_LPAREN formalparameters TOK_RPAREN . TOK_LBRACE methodbody TOK_RBRACE

    TOK_LBRACE  shift, and go to state 41


State 39

    9 instancemethod: accessmod returntype TOK_IDENTIFIER TOK_LPAREN formalparameters TOK_RPAREN TOK_LBRACE . methodbody TOK_RBRACE

    TOK_IDENTIFIER  shift, and go to state 42
    TOK_STRINGVAL   shift, and go to state 43
    TOK_INTVAL      shift, and go to state 44
    TOK_SWITCH      shift, and go to state 45
    TOK_WHILE       shift, and go to state 46
    TOK_INT         shift, and go to state 17
    TOK_STRING      shift, and go to state 18
    TOK_LONG        shift, and go to state 19
    TOK_DOUBLE      shift, and go to state 20
    TOK_BOOLEAN     shift, and go to state 21
    TOK_FLOAT       shift, and go to state 22

    methodbody           go to state 47
    datatype             go to state 48
    statement            go to state 49
    declarationstate     go to state 50
    assignmentstate      go to state 51
    initializationstate  go to state 52
    controlflowstate     go to state 53
    switchstatement      go to state 54
    whileloop            go to state 55
    expression           go to state 56
    methodcall           go to state 57
    staticmethodcall     go to state 58
    instancemethodcall   go to state 59


State 40

   24 formalparameters: formalparameters TOK_COMMA datatype . TOK_IDENTIFIER

    TOK_IDENTIFIER  shift, and go to state 60


State 41

   10 staticmethod: accessmod TOK_STATIC returntype TOK_IDENTIFIER TOK_LPAREN formalparameters TOK_RPAREN TOK_LBRACE . methodbody TOK_RBRACE

    TOK_IDENTIFIER  shift, and go to state 42
    TOK_STRINGVAL   shift, and go to state 43
    TOK_INTVAL      shift, and go to state 44
    TOK_SWITCH      shift, and go to state 45
    TOK_WHILE       shift, and go to state 46
    TOK_INT         shift, and go to state 17
    TOK_STRING      shift, and go to state 18
    TOK_LONG        shift, and go to state 19
    TOK_DOUBLE      shift, and go to state 20
    TOK_BOOLEAN     shift, and go to state 21
    TOK_FLOAT       shift, and go to state 22

    methodbody           go to state 61
    datatype             go to state 48
    statement            go to state 49
    declarationstate     go to state 50
    assignmentstate      go to state 51
    initializationstate  go to state 52
    controlflowstate     go to state 53
    switchstatement      go to state 54
    whileloop            go to state 55
    expression           go to state 56
    methodcall           go to state 57
    staticmethodcall     go to state 58
    instancemethodcall   go to state 59


State 42

   32 assignmentstate: TOK_IDENTIFIER . TOK_EQUAL expression
   54 staticmethodcall: TOK_IDENTIFIER . TOK_LPAREN argument TOK_RPAREN TOK_SEMI
   55 instancemethodcall: TOK_IDENTIFIER . methodcallname TOK_LPAREN argument TOK_RPAREN TOK_SEMI

    TOK_IDENTIFIER  shift, and go to state 62
    TOK_LPAREN      shift, and go to state 63
    TOK_DOT         shift, and go to state 64
    TOK_EQUAL       shift, and go to state 65

    methodcall          go to state 66
    staticmethodcall    go to state 58
    instancemethodcall  go to state 59
    methodcallname      go to state 67


State 43

   50 expression: TOK_STRINGVAL .

    $default  reduce using rule 50 (expression)


State 44

   49 expression: TOK_INTVAL .
   51           | TOK_INTVAL . TOK_ADD TOK_INTVAL

    TOK_ADD  shift, and go to state 68

    $default  reduce using rule 49 (expression)


State 45

   36 switchstatement: TOK_SWITCH . TOK_LPAREN expression TOK_RPAREN TOK_LBRACE switchbody TOK_RBRACE

    TOK_LPAREN  shift, and go to state 69


State 46

   43 whileloop: TOK_WHILE . TOK_LPAREN expression TOK_LBRACE loopbody TOK_RBRACE

    TOK_LPAREN  shift, and go to state 70


State 47

    9 instancemethod: accessmod returntype TOK_IDENTIFIER TOK_LPAREN formalparameters TOK_RPAREN TOK_LBRACE methodbody . TOK_RBRACE
   13 methodbody: methodbody . statement
   14           | methodbody . expression

    TOK_IDENTIFIER  shift, and go to state 42
    TOK_RBRACE      shift, and go to state 71
    TOK_STRINGVAL   shift, and go to state 43
    TOK_INTVAL      shift, and go to state 44
    TOK_SWITCH      shift, and go to state 45
    TOK_WHILE       shift, and go to state 46
    TOK_INT         shift, and go to state 17
    TOK_STRING      shift, and go to state 18
    TOK_LONG        shift, and go to state 19
    TOK_DOUBLE      shift, and go to state 20
    TOK_BOOLEAN     shift, and go to state 21
    TOK_FLOAT       shift, and go to state 22

    datatype             go to state 48
    statement            go to state 72
    declarationstate     go to state 50
    assignmentstate      go to state 51
    initializationstate  go to state 52
    controlflowstate     go to state 53
    switchstatement      go to state 54
    whileloop            go to state 55
    expression           go to state 73
    methodcall           go to state 57
    staticmethodcall     go to state 58
    instancemethodcall   go to state 59


State 48

   31 declarationstate: datatype . TOK_IDENTIFIER TOK_SEMI
   33 initializationstate: datatype . assignmentstate

    TOK_IDENTIFIER  shift, and go to state 74

    assignmentstate  go to state 75


State 49

   11 methodbody: statement .

    $default  reduce using rule 11 (methodbody)


State 50

   28 statement: declarationstate .

    $default  reduce using rule 28 (statement)


State 51

   30 statement: assignmentstate .

    $default  reduce using rule 30 (statement)


State 52

   29 statement: initializationstate .

    $default  reduce using rule 29 (statement)


State 53

   27 statement: controlflowstate .

    $default  reduce using rule 27 (statement)


State 54

   34 controlflowstate: switchstatement .

    $default  reduce using rule 34 (controlflowstate)


State 55

   35 controlflowstate: whileloop .

    $default  reduce using rule 35 (controlflowstate)


State 56

   12 methodbody: expression .

    $default  reduce using rule 12 (methodbody)


State 57

   48 expression: methodcall .

    $default  reduce using rule 48 (expression)


State 58

   52 methodcall: staticmethodcall .

    $default  reduce using rule 52 (methodcall)


State 59

   53 methodcall: instancemethodcall .

    $default  reduce using rule 53 (methodcall)


State 60

   24 formalparameters: formalparameters TOK_COMMA datatype TOK_IDENTIFIER .

    $default  reduce using rule 24 (formalparameters)


State 61

   10 staticmethod: accessmod TOK_STATIC returntype TOK_IDENTIFIER TOK_LPAREN formalparameters TOK_RPAREN TOK_LBRACE methodbody . TOK_RBRACE
   13 methodbody: methodbody . statement
   14           | methodbody . expression

    TOK_IDENTIFIER  shift, and go to state 42
    TOK_RBRACE      shift, and go to state 76
    TOK_STRINGVAL   shift, and go to state 43
    TOK_INTVAL      shift, and go to state 44
    TOK_SWITCH      shift, and go to state 45
    TOK_WHILE       shift, and go to state 46
    TOK_INT         shift, and go to state 17
    TOK_STRING      shift, and go to state 18
    TOK_LONG        shift, and go to state 19
    TOK_DOUBLE      shift, and go to state 20
    TOK_BOOLEAN     shift, and go to state 21
    TOK_FLOAT       shift, and go to state 22

    datatype             go to state 48
    statement            go to state 72
    declarationstate     go to state 50
    assignmentstate      go to state 51
    initializationstate  go to state 52
    controlflowstate     go to state 53
    switchstatement      go to state 54
    whileloop            go to state 55
    expression           go to state 73
    methodcall           go to state 57
    staticmethodcall     go to state 58
    instancemethodcall   go to state 59


State 62

   54 staticmethodcall: TOK_IDENTIFIER . TOK_LPAREN argument TOK_RPAREN TOK_SEMI
   55 instancemethodcall: TOK_IDENTIFIER . methodcallname TOK_LPAREN argument TOK_RPAREN TOK_SEMI

    TOK_IDENTIFIER  shift, and go to state 62
    TOK_LPAREN      shift, and go to state 63
    TOK_DOT         shift, and go to state 64

    methodcall          go to state 66
    staticmethodcall    go to state 58
    instancemethodcall  go to state 59
    methodcallname      go to state 67


State 63

   54 staticmethodcall: TOK_IDENTIFIER TOK_LPAREN . argument TOK_RPAREN TOK_SEMI

    TOK_IDENTIFIER  shift, and go to state 77
    TOK_STRINGVAL   shift, and go to state 43
    TOK_INTVAL      shift, and go to state 44

    argument            go to state 78
    expression          go to state 79
    methodcall          go to state 57
    staticmethodcall    go to state 58
    instancemethodcall  go to state 59


State 64

   56 methodcallname: TOK_DOT . TOK_IDENTIFIER

    TOK_IDENTIFIER  shift, and go to state 80


State 65

   32 assignmentstate: TOK_IDENTIFIER TOK_EQUAL . expression

    TOK_IDENTIFIER  shift, and go to state 62
    TOK_STRINGVAL   shift, and go to state 43
    TOK_INTVAL      shift, and go to state 44

    expression          go to state 81
    methodcall          go to state 57
    staticmethodcall    go to state 58
    instancemethodcall  go to state 59


State 66

   57 methodcallname: methodcall . TOK_DOT TOK_IDENTIFIER

    TOK_DOT  shift, and go to state 82


State 67

   55 instancemethodcall: TOK_IDENTIFIER methodcallname . TOK_LPAREN argument TOK_RPAREN TOK_SEMI

    TOK_LPAREN  shift, and go to state 83


State 68

   51 expression: TOK_INTVAL TOK_ADD . TOK_INTVAL

    TOK_INTVAL  shift, and go to state 84


State 69

   36 switchstatement: TOK_SWITCH TOK_LPAREN . expression TOK_RPAREN TOK_LBRACE switchbody TOK_RBRACE

    TOK_IDENTIFIER  shift, and go to state 62
    TOK_STRINGVAL   shift, and go to state 43
    TOK_INTVAL      shift, and go to state 44

    expression          go to state 85
    methodcall          go to state 57
    staticmethodcall    go to state 58
    instancemethodcall  go to state 59


State 70

   43 whileloop: TOK_WHILE TOK_LPAREN . expression TOK_LBRACE loopbody TOK_RBRACE

    TOK_IDENTIFIER  shift, and go to state 62
    TOK_STRINGVAL   shift, and go to state 43
    TOK_INTVAL      shift, and go to state 44

    expression          go to state 86
    methodcall          go to state 57
    staticmethodcall    go to state 58
    instancemethodcall  go to state 59


State 71

    9 instancemethod: accessmod returntype TOK_IDENTIFIER TOK_LPAREN formalparameters TOK_RPAREN TOK_LBRACE methodbody TOK_RBRACE .

    $default  reduce using rule 9 (instancemethod)


State 72

   13 methodbody: methodbody statement .

    $default  reduce using rule 13 (methodbody)


State 73

   14 methodbody: methodbody expression .

    $default  reduce using rule 14 (methodbody)


State 74

   31 declarationstate: datatype TOK_IDENTIFIER . TOK_SEMI
   32 assignmentstate: TOK_IDENTIFIER . TOK_EQUAL expression

    TOK_SEMI   shift, and go to state 87
    TOK_EQUAL  shift, and go to state 65


State 75

   33 initializationstate: datatype assignmentstate .

    $default  reduce using rule 33 (initializationstate)


State 76

   10 staticmethod: accessmod TOK_STATIC returntype TOK_IDENTIFIER TOK_LPAREN formalparameters TOK_RPAREN TOK_LBRACE methodbody TOK_RBRACE .

    $default  reduce using rule 10 (staticmethod)


State 77

   26 argument: TOK_IDENTIFIER .
   54 staticmethodcall: TOK_IDENTIFIER . TOK_LPAREN argument TOK_RPAREN TOK_SEMI
   55 instancemethodcall: TOK_IDENTIFIER . methodcallname TOK_LPAREN argument TOK_RPAREN TOK_SEMI

    TOK_IDENTIFIER  shift, and go to state 62
    TOK_LPAREN      shift, and go to state 63
    TOK_DOT         shift, and go to state 64

    $default  reduce using rule 26 (argument)

    methodcall          go to state 66
    staticmethodcall    go to state 58
    instancemethodcall  go to state 59
    methodcallname      go to state 67


State 78

   54 staticmethodcall: TOK_IDENTIFIER TOK_LPAREN argument . TOK_RPAREN TOK_SEMI

    TOK_RPAREN  shift, and go to state 88


State 79

   25 argument: expression .

    $default  reduce using rule 25 (argument)


State 80

   56 methodcallname: TOK_DOT TOK_IDENTIFIER .

    $default  reduce using rule 56 (methodcallname)


State 81

   32 assignmentstate: TOK_IDENTIFIER TOK_EQUAL expression .

    $default  reduce using rule 32 (assignmentstate)


State 82

   57 methodcallname: methodcall TOK_DOT . TOK_IDENTIFIER

    TOK_IDENTIFIER  shift, and go to state 89


State 83

   55 instancemethodcall: TOK_IDENTIFIER methodcallname TOK_LPAREN . argument TOK_RPAREN TOK_SEMI

    TOK_IDENTIFIER  shift, and go to state 77
    TOK_STRINGVAL   shift, and go to state 43
    TOK_INTVAL      shift, and go to state 44

    argument            go to state 90
    expression          go to state 79
    methodcall          go to state 57
    staticmethodcall    go to state 58
    instancemethodcall  go to state 59


State 84

   51 expression: TOK_INTVAL TOK_ADD TOK_INTVAL .

    $default  reduce using rule 51 (expression)


State 85

   36 switchstatement: TOK_SWITCH TOK_LPAREN expression . TOK_RPAREN TOK_LBRACE switchbody TOK_RBRACE

    TOK_RPAREN  shift, and go to state 91


State 86

   43 whileloop: TOK_WHILE TOK_LPAREN expression . TOK_LBRACE loopbody TOK_RBRACE

    TOK_LBRACE  shift, and go to state 92


State 87

   31 declarationstate: datatype TOK_IDENTIFIER TOK_SEMI .

    $default  reduce using rule 31 (declarationstate)


State 88

   54 staticmethodcall: TOK_IDENTIFIER TOK_LPAREN argument TOK_RPAREN . TOK_SEMI

    TOK_SEMI  shift, and go to state 93


State 89

   57 methodcallname: methodcall TOK_DOT TOK_IDENTIFIER .

    $default  reduce using rule 57 (methodcallname)


State 90

   55 instancemethodcall: TOK_IDENTIFIER methodcallname TOK_LPAREN argument . TOK_RPAREN TOK_SEMI

    TOK_RPAREN  shift, and go to state 94


State 91

   36 switchstatement: TOK_SWITCH TOK_LPAREN expression TOK_RPAREN . TOK_LBRACE switchbody TOK_RBRACE

    TOK_LBRACE  shift, and go to state 95


State 92

   43 whileloop: TOK_WHILE TOK_LPAREN expression TOK_LBRACE . loopbody TOK_RBRACE

    TOK_IDENTIFIER  shift, and go to state 42
    TOK_STRINGVAL   shift, and go to state 43
    TOK_INTVAL      shift, and go to state 44
    TOK_SWITCH      shift, and go to state 45
    TOK_WHILE       shift, and go to state 46
    TOK_INT         shift, and go to state 17
    TOK_STRING      shift, and go to state 18
    TOK_LONG        shift, and go to state 19
    TOK_DOUBLE      shift, and go to state 20
    TOK_BOOLEAN     shift, and go to state 21
    TOK_FLOAT       shift, and go to state 22

    datatype             go to state 48
    statement            go to state 96
    declarationstate     go to state 50
    assignmentstate      go to state 51
    initializationstate  go to state 52
    controlflowstate     go to state 53
    switchstatement      go to state 54
    whileloop            go to state 55
    loopbody             go to state 97
    expression           go to state 98
    methodcall           go to state 57
    staticmethodcall     go to state 58
    instancemethodcall   go to state 59


State 93

   54 staticmethodcall: TOK_IDENTIFIER TOK_LPAREN argument TOK_RPAREN TOK_SEMI .

    $default  reduce using rule 54 (staticmethodcall)


State 94

   55 instancemethodcall: TOK_IDENTIFIER methodcallname TOK_LPAREN argument TOK_RPAREN . TOK_SEMI

    TOK_SEMI  shift, and go to state 99


State 95

   36 switchstatement: TOK_SWITCH TOK_LPAREN expression TOK_RPAREN TOK_LBRACE . switchbody TOK_RBRACE

    TOK_CASE  shift, and go to state 100

    switchbody  go to state 101


State 96

   44 loopbody: statement .

    $default  reduce using rule 44 (loopbody)


State 97

   43 whileloop: TOK_WHILE TOK_LPAREN expression TOK_LBRACE loopbody . TOK_RBRACE
   46 loopbody: loopbody . statement
   47         | loopbody . expression

    TOK_IDENTIFIER  shift, and go to state 42
    TOK_RBRACE      shift, and go to state 102
    TOK_STRINGVAL   shift, and go to state 43
    TOK_INTVAL      shift, and go to state 44
    TOK_SWITCH      shift, and go to state 45
    TOK_WHILE       shift, and go to state 46
    TOK_INT         shift, and go to state 17
    TOK_STRING      shift, and go to state 18
    TOK_LONG        shift, and go to state 19
    TOK_DOUBLE      shift, and go to state 20
    TOK_BOOLEAN     shift, and go to state 21
    TOK_FLOAT       shift, and go to state 22

    datatype             go to state 48
    statement            go to state 103
    declarationstate     go to state 50
    assignmentstate      go to state 51
    initializationstate  go to state 52
    controlflowstate     go to state 53
    switchstatement      go to state 54
    whileloop            go to state 55
    expression           go to state 104
    methodcall           go to state 57
    staticmethodcall     go to state 58
    instancemethodcall   go to state 59


State 98

   45 loopbody: expression .

    $default  reduce using rule 45 (loopbody)


State 99

   55 instancemethodcall: TOK_IDENTIFIER methodcallname TOK_LPAREN argument TOK_RPAREN TOK_SEMI .

    $default  reduce using rule 55 (instancemethodcall)


State 100

   37 switchbody: TOK_CASE . expression TOK_COLON casebody

    TOK_IDENTIFIER  shift, and go to state 62
    TOK_STRINGVAL   shift, and go to state 43
    TOK_INTVAL      shift, and go to state 44

    expression          go to state 105
    methodcall          go to state 57
    staticmethodcall    go to state 58
    instancemethodcall  go to state 59


State 101

   36 switchstatement: TOK_SWITCH TOK_LPAREN expression TOK_RPAREN TOK_LBRACE switchbody . TOK_RBRACE
   38 switchbody: switchbody . TOK_CASE expression TOK_COLON casebody

    TOK_RBRACE  shift, and go to state 106
    TOK_CASE    shift, and go to state 107


State 102

   43 whileloop: TOK_WHILE TOK_LPAREN expression TOK_LBRACE loopbody TOK_RBRACE .

    $default  reduce using rule 43 (whileloop)


State 103

   46 loopbody: loopbody statement .

    $default  reduce using rule 46 (loopbody)


State 104

   47 loopbody: loopbody expression .

    $default  reduce using rule 47 (loopbody)


State 105

   37 switchbody: TOK_CASE expression . TOK_COLON casebody

    TOK_COLON  shift, and go to state 108


State 106

   36 switchstatement: TOK_SWITCH TOK_LPAREN expression TOK_RPAREN TOK_LBRACE switchbody TOK_RBRACE .

    $default  reduce using rule 36 (switchstatement)


State 107

   38 switchbody: switchbody TOK_CASE . expression TOK_COLON casebody

    TOK_IDENTIFIER  shift, and go to state 62
    TOK_STRINGVAL   shift, and go to state 43
    TOK_INTVAL      shift, and go to state 44

    expression          go to state 109
    methodcall          go to state 57
    staticmethodcall    go to state 58
    instancemethodcall  go to state 59


State 108

   37 switchbody: TOK_CASE expression TOK_COLON . casebody

    TOK_IDENTIFIER  shift, and go to state 42
    TOK_STRINGVAL   shift, and go to state 43
    TOK_INTVAL      shift, and go to state 44
    TOK_SWITCH      shift, and go to state 45
    TOK_WHILE       shift, and go to state 46
    TOK_INT         shift, and go to state 17
    TOK_STRING      shift, and go to state 18
    TOK_LONG        shift, and go to state 19
    TOK_DOUBLE      shift, and go to state 20
    TOK_BOOLEAN     shift, and go to state 21
    TOK_FLOAT       shift, and go to state 22

    datatype             go to state 48
    statement            go to state 110
    declarationstate     go to state 50
    assignmentstate      go to state 51
    initializationstate  go to state 52
    controlflowstate     go to state 53
    switchstatement      go to state 54
    casebody             go to state 111
    whileloop            go to state 55
    expression           go to state 112
    methodcall           go to state 57
    staticmethodcall     go to state 58
    instancemethodcall   go to state 59


State 109

   38 switchbody: switchbody TOK_CASE expression . TOK_COLON casebody

    TOK_COLON  shift, and go to state 113


State 110

   39 casebody: statement . TOK_BREAK

    TOK_BREAK  shift, and go to state 114


State 111

   37 switchbody: TOK_CASE expression TOK_COLON casebody .
   41 casebody: casebody . statement TOK_BREAK
   42         | casebody . expression TOK_BREAK

    TOK_IDENTIFIER  shift, and go to state 42
    TOK_STRINGVAL   shift, and go to state 43
    TOK_INTVAL      shift, and go to state 44
    TOK_SWITCH      shift, and go to state 45
    TOK_WHILE       shift, and go to state 46
    TOK_INT         shift, and go to state 17
    TOK_STRING      shift, and go to state 18
    TOK_LONG        shift, and go to state 19
    TOK_DOUBLE      shift, and go to state 20
    TOK_BOOLEAN     shift, and go to state 21
    TOK_FLOAT       shift, and go to state 22

    $default  reduce using rule 37 (switchbody)

    datatype             go to state 48
    statement            go to state 115
    declarationstate     go to state 50
    assignmentstate      go to state 51
    initializationstate  go to state 52
    controlflowstate     go to state 53
    switchstatement      go to state 54
    whileloop            go to state 55
    expression           go to state 116
    methodcall           go to state 57
    staticmethodcall     go to state 58
    instancemethodcall   go to state 59


State 112

   40 casebody: expression . TOK_BREAK

    TOK_BREAK  shift, and go to state 117


State 113

   38 switchbody: switchbody TOK_CASE expression TOK_COLON . casebody

    TOK_IDENTIFIER  shift, and go to state 42
    TOK_STRINGVAL   shift, and go to state 43
    TOK_INTVAL      shift, and go to state 44
    TOK_SWITCH      shift, and go to state 45
    TOK_WHILE       shift, and go to state 46
    TOK_INT         shift, and go to state 17
    TOK_STRING      shift, and go to state 18
    TOK_LONG        shift, and go to state 19
    TOK_DOUBLE      shift, and go to state 20
    TOK_BOOLEAN     shift, and go to state 21
    TOK_FLOAT       shift, and go to state 22

    datatype             go to state 48
    statement            go to state 110
    declarationstate     go to state 50
    assignmentstate      go to state 51
    initializationstate  go to state 52
    controlflowstate     go to state 53
    switchstatement      go to state 54
    casebody             go to state 118
    whileloop            go to state 55
    expression           go to state 112
    methodcall           go to state 57
    staticmethodcall     go to state 58
    instancemethodcall   go to state 59


State 114

   39 casebody: statement TOK_BREAK .

    $default  reduce using rule 39 (casebody)


State 115

   41 casebody: casebody statement . TOK_BREAK

    TOK_BREAK  shift, and go to state 119


State 116

   42 casebody: casebody expression . TOK_BREAK

    TOK_BREAK  shift, and go to state 120


State 117

   40 casebody: expression TOK_BREAK .

    $default  reduce using rule 40 (casebody)


State 118

   38 switchbody: switchbody TOK_CASE expression TOK_COLON casebody .
   41 casebody: casebody . statement TOK_BREAK
   42         | casebody . expression TOK_BREAK

    TOK_IDENTIFIER  shift, and go to state 42
    TOK_STRINGVAL   shift, and go to state 43
    TOK_INTVAL      shift, and go to state 44
    TOK_SWITCH      shift, and go to state 45
    TOK_WHILE       shift, and go to state 46
    TOK_INT         shift, and go to state 17
    TOK_STRING      shift, and go to state 18
    TOK_LONG        shift, and go to state 19
    TOK_DOUBLE      shift, and go to state 20
    TOK_BOOLEAN     shift, and go to state 21
    TOK_FLOAT       shift, and go to state 22

    $default  reduce using rule 38 (switchbody)

    datatype             go to state 48
    statement            go to state 115
    declarationstate     go to state 50
    assignmentstate      go to state 51
    initializationstate  go to state 52
    controlflowstate     go to state 53
    switchstatement      go to state 54
    whileloop            go to state 55
    expression           go to state 116
    methodcall           go to state 57
    staticmethodcall     go to state 58
    instancemethodcall   go to state 59


State 119

   41 casebody: casebody statement TOK_BREAK .

    $default  reduce using rule 41 (casebody)


State 120

   42 casebody: casebody expression TOK_BREAK .

    $default  reduce using rule 42 (casebody)
